<?xml version="1.0" encoding="UTF-8"?>
<testng-results skipped="0" failed="1" ignored="0" total="1" passed="0">
  <reporter-output>
  </reporter-output>
  <suite name="Second suite" duration-ms="62" started-at="2018-04-09T10:29:49Z" finished-at="2018-04-09T10:29:49Z">
    <groups>
    </groups>
    <test name="oaTest" duration-ms="62" started-at="2018-04-09T10:29:49Z" finished-at="2018-04-09T10:29:49Z">
      <class name="testcases.OpenBrowserTestCases">
        <test-method status="FAIL" signature="testOpenBrowser()[pri:0, instance:testcases.OpenBrowserTestCases@5622fdf]" name="testOpenBrowser" duration-ms="14" started-at="2018-04-09T10:29:49Z" finished-at="2018-04-09T10:29:49Z">
          <exception class="java.lang.NoClassDefFoundError">
            <message>
              <![CDATA[coms/util/PropertiesUtil]]>
            </message>
            <full-stacktrace>
              <![CDATA[java.lang.NoClassDefFoundError: coms/util/PropertiesUtil
at testcases.OpenBrowserTestCases.openBrowser(OpenBrowserTestCases.java:54)
at testcases.OpenBrowserTestCases.testOpenBrowser(OpenBrowserTestCases.java:92)
at sun.reflect.NativeMethodAccessorImpl.invoke0(Native Method)
at sun.reflect.NativeMethodAccessorImpl.invoke(Unknown Source)
at sun.reflect.DelegatingMethodAccessorImpl.invoke(Unknown Source)
at java.lang.reflect.Method.invoke(Unknown Source)
at org.testng.internal.MethodInvocationHelper.invokeMethod(MethodInvocationHelper.java:124)
at org.testng.internal.Invoker.invokeMethod(Invoker.java:580)
at org.testng.internal.Invoker.invokeTestMethod(Invoker.java:716)
at org.testng.internal.Invoker.invokeTestMethods(Invoker.java:988)
at org.testng.internal.TestMethodWorker.invokeTestMethods(TestMethodWorker.java:125)
at org.testng.internal.TestMethodWorker.run(TestMethodWorker.java:109)
at org.testng.TestRunner.privateRun(TestRunner.java:648)
at org.testng.TestRunner.run(TestRunner.java:505)
at org.testng.SuiteRunner.runTest(SuiteRunner.java:455)
at org.testng.SuiteRunner.runSequentially(SuiteRunner.java:450)
at org.testng.SuiteRunner.privateRun(SuiteRunner.java:415)
at org.testng.SuiteRunner.run(SuiteRunner.java:364)
at org.testng.SuiteRunnerWorker.runSuite(SuiteRunnerWorker.java:52)
at org.testng.SuiteRunnerWorker.run(SuiteRunnerWorker.java:84)
at org.testng.TestNG.runSuitesSequentially(TestNG.java:1208)
at org.testng.TestNG.runSuitesLocally(TestNG.java:1137)
at org.testng.TestNG.runSuites(TestNG.java:1049)
at org.testng.TestNG.run(TestNG.java:1017)
at org.testng.remote.AbstractRemoteTestNG.run(AbstractRemoteTestNG.java:114)
at org.testng.remote.RemoteTestNG.initAndRun(RemoteTestNG.java:251)
at org.testng.remote.RemoteTestNG.main(RemoteTestNG.java:77)
Caused by: java.lang.ClassNotFoundException: coms.util.PropertiesUtil
at java.net.URLClassLoader.findClass(Unknown Source)
at java.lang.ClassLoader.loadClass(Unknown Source)
at sun.misc.Launcher$AppClassLoader.loadClass(Unknown Source)
at java.lang.ClassLoader.loadClass(Unknown Source)
... 27 more
]]>
            </full-stacktrace>
          </exception> <!-- java.lang.NoClassDefFoundError -->
          <reporter-output>
          </reporter-output>
        </test-method> <!-- testOpenBrowser -->
      </class> <!-- testcases.OpenBrowserTestCases -->
    </test> <!-- oaTest -->
  </suite> <!-- Second suite -->
</testng-results>
