<?xml version="1.0" encoding="UTF-8"?>
<!-- Generated by org.testng.reporters.JUnitXMLReporter -->
<testsuite hostname="HD17218A06CB" ignored="0" name="oaTest" tests="1" failures="1" timestamp="09 四月 2018 10:29:49 GMT" time="0.062" errors="0">
  <testcase name="testOpenBrowser" time="0.014" classname="testcases.OpenBrowserTestCases">
    <failure type="java.lang.NoClassDefFoundError" message="coms/util/PropertiesUtil">
      <![CDATA[java.lang.NoClassDefFoundError: coms/util/PropertiesUtil
at testcases.OpenBrowserTestCases.openBrowser(OpenBrowserTestCases.java:54)
at testcases.OpenBrowserTestCases.testOpenBrowser(OpenBrowserTestCases.java:92)
Caused by: java.lang.ClassNotFoundException: coms.util.PropertiesUtil
at java.net.URLClassLoader.findClass(Unknown Source)
at java.lang.ClassLoader.loadClass(Unknown Source)
at sun.misc.Launcher$AppClassLoader.loadClass(Unknown Source)
at java.lang.ClassLoader.loadClass(Unknown Source)
... 27 more
... Removed 25 stack frames]]>
    </failure>
  </testcase> <!-- testOpenBrowser -->
</testsuite> <!-- oaTest -->
